{"/Users/manish/Documents/RNProj/Pipeline/App.tsx": {"path":"/Users/manish/Documents/RNProj/Pipeline/App.tsx","statementMap":{"0":{"start":{"line":7,"column":12},"end":{"line":15,"column":1}},"1":{"start":{"line":8,"column":2},"end":{"line":14,"column":4}}},"fnMap":{"0":{"name":"(anonymous_0)","decl":{"start":{"line":7,"column":12},"end":{"line":7,"column":13}},"loc":{"start":{"line":7,"column":18},"end":{"line":15,"column":1}},"line":7}},"branchMap":{},"s":{"0":1,"1":1},"f":{"0":1},"b":{},"_coverageSchema":"1a1c01bbd47fc00a2c39e90264f33305004495a9","hash":"f1e30773ddf473d8ffd549a2655718a76e29a9ca"}
,"/Users/manish/Documents/RNProj/Pipeline/src/navigator/MainNavigator.tsx": {"path":"/Users/manish/Documents/RNProj/Pipeline/src/navigator/MainNavigator.tsx","statementMap":{"0":{"start":{"line":7,"column":22},"end":{"line":17,"column":1}},"1":{"start":{"line":8,"column":16},"end":{"line":8,"column":44}},"2":{"start":{"line":9,"column":2},"end":{"line":16,"column":4}}},"fnMap":{"0":{"name":"(anonymous_0)","decl":{"start":{"line":7,"column":22},"end":{"line":7,"column":23}},"loc":{"start":{"line":7,"column":28},"end":{"line":17,"column":1}},"line":7}},"branchMap":{},"s":{"0":1,"1":1,"2":1},"f":{"0":1},"b":{},"_coverageSchema":"1a1c01bbd47fc00a2c39e90264f33305004495a9","hash":"ce2ab120c329e84f1d9ea5622fff5b79e657b6f4"}
,"/Users/manish/Documents/RNProj/Pipeline/src/screens/Detial/index.styles.ts": {"path":"/Users/manish/Documents/RNProj/Pipeline/src/screens/Detial/index.styles.ts","statementMap":{"0":{"start":{"line":3,"column":22},"end":{"line":16,"column":2}}},"fnMap":{},"branchMap":{},"s":{"0":1},"f":{},"b":{},"_coverageSchema":"1a1c01bbd47fc00a2c39e90264f33305004495a9","hash":"9db9164deda54adc464b961e0f6c211f12152705"}
,"/Users/manish/Documents/RNProj/Pipeline/src/screens/Detial/index.tsx": {"path":"/Users/manish/Documents/RNProj/Pipeline/src/screens/Detial/index.tsx","statementMap":{"0":{"start":{"line":18,"column":15},"end":{"line":31,"column":1}},"1":{"start":{"line":19,"column":15},"end":{"line":19,"column":27}},"2":{"start":{"line":21,"column":2},"end":{"line":30,"column":4}}},"fnMap":{"0":{"name":"(anonymous_0)","decl":{"start":{"line":18,"column":15},"end":{"line":18,"column":16}},"loc":{"start":{"line":18,"column":43},"end":{"line":31,"column":1}},"line":18}},"branchMap":{},"s":{"0":1,"1":0,"2":0},"f":{"0":0},"b":{},"_coverageSchema":"1a1c01bbd47fc00a2c39e90264f33305004495a9","hash":"4d0e70a84f2f3f45fae6a1688a101c5fb261ea7e"}
,"/Users/manish/Documents/RNProj/Pipeline/src/screens/Home/index.styles.ts": {"path":"/Users/manish/Documents/RNProj/Pipeline/src/screens/Home/index.styles.ts","statementMap":{"0":{"start":{"line":3,"column":22},"end":{"line":27,"column":2}}},"fnMap":{},"branchMap":{},"s":{"0":2},"f":{},"b":{},"_coverageSchema":"1a1c01bbd47fc00a2c39e90264f33305004495a9","hash":"185fbe89fd5485e08cac97572ba9ddc034258a62"}
,"/Users/manish/Documents/RNProj/Pipeline/src/screens/Home/index.tsx": {"path":"/Users/manish/Documents/RNProj/Pipeline/src/screens/Home/index.tsx","statementMap":{"0":{"start":{"line":18,"column":13},"end":{"line":65,"column":1}},"1":{"start":{"line":19,"column":19},"end":{"line":19,"column":32}},"2":{"start":{"line":20,"column":28},"end":{"line":20,"column":62}},"3":{"start":{"line":20,"column":51},"end":{"line":20,"column":61}},"4":{"start":{"line":21,"column":2},"end":{"line":23,"column":9}},"5":{"start":{"line":22,"column":4},"end":{"line":22,"column":14}},"6":{"start":{"line":25,"column":18},"end":{"line":36,"column":3}},"7":{"start":{"line":26,"column":4},"end":{"line":26,"column":29}},"8":{"start":{"line":27,"column":27},"end":{"line":30,"column":5}},"9":{"start":{"line":32,"column":4},"end":{"line":35,"column":51}},"10":{"start":{"line":33,"column":26},"end":{"line":33,"column":41}},"11":{"start":{"line":34,"column":24},"end":{"line":34,"column":49}},"12":{"start":{"line":35,"column":24},"end":{"line":35,"column":49}},"13":{"start":{"line":38,"column":2},"end":{"line":64,"column":4}},"14":{"start":{"line":53,"column":12},"end":{"line":59,"column":31}},"15":{"start":{"line":54,"column":29},"end":{"line":54,"column":70}}},"fnMap":{"0":{"name":"(anonymous_0)","decl":{"start":{"line":18,"column":13},"end":{"line":18,"column":14}},"loc":{"start":{"line":18,"column":35},"end":{"line":65,"column":1}},"line":18},"1":{"name":"(anonymous_1)","decl":{"start":{"line":20,"column":40},"end":{"line":20,"column":41}},"loc":{"start":{"line":20,"column":51},"end":{"line":20,"column":61}},"line":20},"2":{"name":"(anonymous_2)","decl":{"start":{"line":21,"column":12},"end":{"line":21,"column":13}},"loc":{"start":{"line":21,"column":18},"end":{"line":23,"column":3}},"line":21},"3":{"name":"(anonymous_3)","decl":{"start":{"line":25,"column":18},"end":{"line":25,"column":19}},"loc":{"start":{"line":25,"column":30},"end":{"line":36,"column":3}},"line":25},"4":{"name":"(anonymous_4)","decl":{"start":{"line":33,"column":12},"end":{"line":33,"column":13}},"loc":{"start":{"line":33,"column":26},"end":{"line":33,"column":41}},"line":33},"5":{"name":"(anonymous_5)","decl":{"start":{"line":34,"column":12},"end":{"line":34,"column":13}},"loc":{"start":{"line":34,"column":24},"end":{"line":34,"column":49}},"line":34},"6":{"name":"(anonymous_6)","decl":{"start":{"line":35,"column":13},"end":{"line":35,"column":14}},"loc":{"start":{"line":35,"column":24},"end":{"line":35,"column":49}},"line":35},"7":{"name":"(anonymous_7)","decl":{"start":{"line":52,"column":22},"end":{"line":52,"column":23}},"loc":{"start":{"line":53,"column":12},"end":{"line":59,"column":31}},"line":53},"8":{"name":"(anonymous_8)","decl":{"start":{"line":54,"column":23},"end":{"line":54,"column":24}},"loc":{"start":{"line":54,"column":29},"end":{"line":54,"column":70}},"line":54}},"branchMap":{"0":{"loc":{"start":{"line":40,"column":7},"end":{"line":62,"column":7}},"type":"cond-expr","locations":[{"start":{"line":41,"column":8},"end":{"line":46,"column":15}},{"start":{"line":48,"column":8},"end":{"line":61,"column":10}}],"line":40}},"s":{"0":2,"1":4,"2":4,"3":4,"4":4,"5":3,"6":4,"7":3,"8":3,"9":3,"10":0,"11":0,"12":0,"13":4,"14":1,"15":1},"f":{"0":4,"1":4,"2":3,"3":3,"4":0,"5":0,"6":0,"7":1,"8":1},"b":{"0":[2,2]},"_coverageSchema":"1a1c01bbd47fc00a2c39e90264f33305004495a9","hash":"b0b35286089a255926655990558ee90c669c7ad8"}
,"/Users/manish/Documents/RNProj/Pipeline/src/store/store.ts": {"path":"/Users/manish/Documents/RNProj/Pipeline/src/store/store.ts","statementMap":{"0":{"start":{"line":4,"column":21},"end":{"line":8,"column":2}}},"fnMap":{},"branchMap":{},"s":{"0":1},"f":{},"b":{},"_coverageSchema":"1a1c01bbd47fc00a2c39e90264f33305004495a9","hash":"0d2e3d75df679c9d5c32aff376f56ec8e424a206"}
,"/Users/manish/Documents/RNProj/Pipeline/src/store/slices/listSlice.tsx": {"path":"/Users/manish/Documents/RNProj/Pipeline/src/store/slices/listSlice.tsx","statementMap":{"0":{"start":{"line":3,"column":21},"end":{"line":7,"column":1}},"1":{"start":{"line":9,"column":18},"end":{"line":26,"column":2}},"2":{"start":{"line":14,"column":6},"end":{"line":14,"column":27}},"3":{"start":{"line":17,"column":6},"end":{"line":17,"column":28}},"4":{"start":{"line":18,"column":6},"end":{"line":18,"column":25}},"5":{"start":{"line":19,"column":6},"end":{"line":19,"column":34}},"6":{"start":{"line":22,"column":6},"end":{"line":22,"column":28}},"7":{"start":{"line":23,"column":6},"end":{"line":23,"column":35}},"8":{"start":{"line":28,"column":51},"end":{"line":28,"column":68}}},"fnMap":{"0":{"name":"(anonymous_0)","decl":{"start":{"line":13,"column":18},"end":{"line":13,"column":19}},"loc":{"start":{"line":13,"column":29},"end":{"line":15,"column":5}},"line":13},"1":{"name":"(anonymous_1)","decl":{"start":{"line":16,"column":13},"end":{"line":16,"column":14}},"loc":{"start":{"line":16,"column":32},"end":{"line":20,"column":5}},"line":16},"2":{"name":"(anonymous_2)","decl":{"start":{"line":21,"column":14},"end":{"line":21,"column":15}},"loc":{"start":{"line":21,"column":33},"end":{"line":24,"column":5}},"line":21}},"branchMap":{},"s":{"0":2,"1":2,"2":1,"3":0,"4":0,"5":0,"6":0,"7":0,"8":2},"f":{"0":1,"1":0,"2":0},"b":{},"_coverageSchema":"1a1c01bbd47fc00a2c39e90264f33305004495a9","hash":"d43c2fc0c77852fffdbc05a0849b330fe4ed8cc1"}
}
